7 of Hearts
2 of Clubs
Q of Clubs
4 of Spades
6 of Diamonds
3 of Hearts
10 of Spades
J of Spades
7 of Spades
10 of Hearts
10 of Clubs
8 of Hearts
A of Diamonds
A of Clubs
K of Clubs
Q of Spades
J of Hearts
A of Hearts
6 of Clubs
2 of Diamonds
2 of Hearts
4 of Clubs
3 of Diamonds
9 of Spades
K of Diamonds
7 of Clubs
J of Clubs
6 of Hearts
8 of Clubs
Q of Diamonds
7 of Diamonds
9 of Diamonds
4 of Diamonds
2 of Spades
8 of Diamonds
Q of Hearts
5 of Spades
3 of Spades
10 of Diamonds
6 of Spades
4 of Hearts
5 of Diamonds
5 of Hearts
K of Hearts
3 of Clubs
J of Diamonds
K of Spades
9 of Clubs
8 of Spades
9 of Hearts
5 of Clubs
A of Spades
